<?xml version="1.0" encoding="UTF-8"?>
<!-- Generated by org.testng.reporters.JUnitXMLReporter -->
<testsuite ignored="0" hostname="DESKTOP-CSOLGE9" failures="0" tests="3" name="StandAloneTestStream" time="45.876" errors="0" timestamp="2024-09-24T14:44:13 IST">
  <testcase classname="selenium.tests.StandAloneTestStream" name="OrderHistoryTest" time="0.878"/>
  <testcase classname="selenium.tests.StandAloneTestStream" name="submitOrder" time="14.88"/>
  <testcase classname="selenium.tests.StandAloneTestStream" name="submitOrder" time="14.742"/>
</testsuite> <!-- StandAloneTestStream -->
